{"name":"Valid Login Scenario with valid username and password.","status":"failed","statusDetails":{"known":false,"muted":false,"flaky":false,"message":"expected:<PRODUCTS> but was:<standard_user>","trace":"java.lang.AssertionError: expected:<PRODUCTS> but was:<standard_user>\n\tat org.testng.AssertJUnit.assertEquals(AssertJUnit.java:115)\n\tat org.testng.AssertJUnit.assertEquals(AssertJUnit.java:125)\n\tat pages.LoginPage.verifyValidUserNameAndPassword(LoginPage.java:87)\n\tat tests.LoginTests.validLoginTest_ValidUserAndValidPassword(LoginTests.java:73)\n\tat java.base/jdk.internal.reflect.NativeMethodAccessorImpl.invoke0(Native Method)\n\tat java.base/jdk.internal.reflect.NativeMethodAccessorImpl.invoke(NativeMethodAccessorImpl.java:64)\n\tat java.base/jdk.internal.reflect.DelegatingMethodAccessorImpl.invoke(DelegatingMethodAccessorImpl.java:43)\n\tat java.base/java.lang.reflect.Method.invoke(Method.java:564)\n\tat org.testng.internal.MethodInvocationHelper.invokeMethod(MethodInvocationHelper.java:133)\n\tat org.testng.internal.TestInvoker.invokeMethod(TestInvoker.java:598)\n\tat org.testng.internal.TestInvoker.invokeTestMethod(TestInvoker.java:173)\n\tat org.testng.internal.MethodRunner.runInSequence(MethodRunner.java:46)\n\tat org.testng.internal.TestInvoker$MethodInvocationAgent.invoke(TestInvoker.java:824)\n\tat org.testng.internal.TestInvoker.invokeTestMethods(TestInvoker.java:146)\n\tat org.testng.internal.TestMethodWorker.invokeTestMethods(TestMethodWorker.java:146)\n\tat org.testng.internal.TestMethodWorker.run(TestMethodWorker.java:128)\n\tat java.base/java.util.ArrayList.forEach(ArrayList.java:1511)\n\tat org.testng.TestRunner.privateRun(TestRunner.java:794)\n\tat org.testng.TestRunner.run(TestRunner.java:596)\n\tat org.testng.SuiteRunner.runTest(SuiteRunner.java:377)\n\tat org.testng.SuiteRunner.runSequentially(SuiteRunner.java:371)\n\tat org.testng.SuiteRunner.privateRun(SuiteRunner.java:332)\n\tat org.testng.SuiteRunner.run(SuiteRunner.java:276)\n\tat org.testng.SuiteRunnerWorker.runSuite(SuiteRunnerWorker.java:53)\n\tat org.testng.SuiteRunnerWorker.run(SuiteRunnerWorker.java:96)\n\tat org.testng.TestNG.runSuitesSequentially(TestNG.java:1212)\n\tat org.testng.TestNG.runSuitesLocally(TestNG.java:1134)\n\tat org.testng.TestNG.runSuites(TestNG.java:1063)\n\tat org.testng.TestNG.run(TestNG.java:1031)\n\tat com.intellij.rt.testng.IDEARemoteTestNG.run(IDEARemoteTestNG.java:66)\n\tat com.intellij.rt.testng.RemoteTestNGStarter.main(RemoteTestNGStarter.java:109)\n"},"stage":"finished","description":"Test Description: Login test with valid username and valid password.","steps":[{"name":"Open Sauce Demo Step...","status":"passed","stage":"finished","steps":[],"attachments":[],"parameters":[],"start":1643054571790,"stop":1643054571934},{"name":"Go to Login Page Step...","status":"passed","stage":"finished","steps":[],"attachments":[],"parameters":[],"start":1643054571934,"stop":1643054571937},{"name":"Login Step with username: <xml-fragment r=\"4\" ht=\"18.5\" customHeight=\"1\" xmlns:r=\"http://schemas.openxmlformats.org/officeDocument/2006/relationships\" xmlns:main=\"http://schemas.openxmlformats.org/spreadsheetml/2006/main\">\n  <main:c r=\"A4\" t=\"s\" s=\"4\">\n    <main:v>13</main:v>\n  </main:c>\n  <main:c r=\"B4\" t=\"s\" s=\"7\">\n    <main:v>14</main:v>\n  </main:c>\n  <main:c r=\"C4\" t=\"s\" s=\"8\">\n    <main:v>15</main:v>\n  </main:c>\n  <main:c r=\"D4\" t=\"s\" s=\"8\">\n    <main:v>16</main:v>\n  </main:c>\n  <main:c r=\"E4\" t=\"s\" s=\"6\">\n    <main:v>16</main:v>\n  </main:c>\n  <main:c r=\"F4\" s=\"6\"/>\n</xml-fragment>, password: {1}, for method: loginToN11WithExcelData step...","status":"passed","stage":"finished","steps":[],"attachments":[],"parameters":[{"name":"row","value":"<xml-fragment r=\"4\" ht=\"18.5\" customHeight=\"1\" xmlns:r=\"http://schemas.openxmlformats.org/officeDocument/2006/relationships\" xmlns:main=\"http://schemas.openxmlformats.org/spreadsheetml/2006/main\">\n  <main:c r=\"A4\" t=\"s\" s=\"4\">\n    <main:v>13</main:v>\n  </main:c>\n  <main:c r=\"B4\" t=\"s\" s=\"7\">\n    <main:v>14</main:v>\n  </main:c>\n  <main:c r=\"C4\" t=\"s\" s=\"8\">\n    <main:v>15</main:v>\n  </main:c>\n  <main:c r=\"D4\" t=\"s\" s=\"8\">\n    <main:v>16</main:v>\n  </main:c>\n  <main:c r=\"E4\" t=\"s\" s=\"6\">\n    <main:v>16</main:v>\n  </main:c>\n  <main:c r=\"F4\" s=\"6\"/>\n</xml-fragment>"}],"start":1643054571949,"stop":1643054572544},{"name":"Verify username: standard_user step...","status":"failed","statusDetails":{"known":false,"muted":false,"flaky":false,"message":"expected:<PRODUCTS> but was:<standard_user>","trace":"java.lang.AssertionError: expected:<PRODUCTS> but was:<standard_user>\n\tat org.testng.AssertJUnit.assertEquals(AssertJUnit.java:115)\n\tat org.testng.AssertJUnit.assertEquals(AssertJUnit.java:125)\n\tat pages.LoginPage.verifyValidUserNameAndPassword(LoginPage.java:87)\n\tat tests.LoginTests.validLoginTest_ValidUserAndValidPassword(LoginTests.java:73)\n\tat java.base/jdk.internal.reflect.NativeMethodAccessorImpl.invoke0(Native Method)\n\tat java.base/jdk.internal.reflect.NativeMethodAccessorImpl.invoke(NativeMethodAccessorImpl.java:64)\n\tat java.base/jdk.internal.reflect.DelegatingMethodAccessorImpl.invoke(DelegatingMethodAccessorImpl.java:43)\n\tat java.base/java.lang.reflect.Method.invoke(Method.java:564)\n\tat org.testng.internal.MethodInvocationHelper.invokeMethod(MethodInvocationHelper.java:133)\n\tat org.testng.internal.TestInvoker.invokeMethod(TestInvoker.java:598)\n\tat org.testng.internal.TestInvoker.invokeTestMethod(TestInvoker.java:173)\n\tat org.testng.internal.MethodRunner.runInSequence(MethodRunner.java:46)\n\tat org.testng.internal.TestInvoker$MethodInvocationAgent.invoke(TestInvoker.java:824)\n\tat org.testng.internal.TestInvoker.invokeTestMethods(TestInvoker.java:146)\n\tat org.testng.internal.TestMethodWorker.invokeTestMethods(TestMethodWorker.java:146)\n\tat org.testng.internal.TestMethodWorker.run(TestMethodWorker.java:128)\n\tat java.base/java.util.ArrayList.forEach(ArrayList.java:1511)\n\tat org.testng.TestRunner.privateRun(TestRunner.java:794)\n\tat org.testng.TestRunner.run(TestRunner.java:596)\n\tat org.testng.SuiteRunner.runTest(SuiteRunner.java:377)\n\tat org.testng.SuiteRunner.runSequentially(SuiteRunner.java:371)\n\tat org.testng.SuiteRunner.privateRun(SuiteRunner.java:332)\n\tat org.testng.SuiteRunner.run(SuiteRunner.java:276)\n\tat org.testng.SuiteRunnerWorker.runSuite(SuiteRunnerWorker.java:53)\n\tat org.testng.SuiteRunnerWorker.run(SuiteRunnerWorker.java:96)\n\tat org.testng.TestNG.runSuitesSequentially(TestNG.java:1212)\n\tat org.testng.TestNG.runSuitesLocally(TestNG.java:1134)\n\tat org.testng.TestNG.runSuites(TestNG.java:1063)\n\tat org.testng.TestNG.run(TestNG.java:1031)\n\tat com.intellij.rt.testng.IDEARemoteTestNG.run(IDEARemoteTestNG.java:66)\n\tat com.intellij.rt.testng.RemoteTestNGStarter.main(RemoteTestNGStarter.java:109)\n"},"stage":"finished","steps":[],"attachments":[],"parameters":[{"name":"expectedText","value":"standard_user"}],"start":1643054572545,"stop":1643054572694}],"attachments":[],"parameters":[],"start":1643054571789,"stop":1643054572703,"uuid":"4011c1f0-f9ae-4f66-ba8f-84f93aba0a74","historyId":"8f68a8752b18b405ad15df6a59c81a24","fullName":"tests.LoginTests.validLoginTest_ValidUserAndValidPassword","labels":[{"name":"package","value":"tests.LoginTests"},{"name":"testClass","value":"tests.LoginTests"},{"name":"testMethod","value":"validLoginTest_ValidUserAndValidPassword"},{"name":"parentSuite","value":"Default Suite"},{"name":"suite","value":"allurereportexample"},{"name":"subSuite","value":"tests.LoginTests"},{"name":"host","value":"Hansies-MacBook-Air.local"},{"name":"thread","value":"7679@Hansies-MacBook-Air.local.main(1)"},{"name":"framework","value":"testng"},{"name":"language","value":"java"},{"name":"story","value":"Valid username and password login test"},{"name":"severity","value":"critical"}],"links":[]}